plot3c.F:79:c      common /bin/ ibin,iblnk,iblnkfr,ip3dgrad
plot3c.F:80:c      common /fluid/ gamma,gm1,gp1,gm1g,gp1g,ggm1
plot3c.F:81:c      common /info/ title(20),rkap(3),xmach,alpha,beta,dt,fmax,nit,ntt,
plot3c.F:84:c      common /reyue/ reue,tinf,ivisc(3)
plot3c.F:85:c      common /twod/ i2d
plot3c.F:86:c      common /unst/ time,cfltau,ntstep,ita,iunst
plot3c.F:87:c      common /igrdtyp/ ip3dgrd,ialph
plot3c.F:88:c      common /moov/movie,nframes,icall1,lhdr
plot3c.F:89:c      common /conversion/ radtodeg
plot3c.F:90:c      common /ivals/ p0,rho0,c0,u0,v0,w0,et0,h0,pt0,rhot0,qiv(5),
findmin_new.F:77:c      common /ginfo/ jdim,kdim,idim,jj2,kk2,ii2,nblc,js,ks,is,je,ke,ie,
findmin_new.F:85:c      common /maxiv/ ivmx
findmin_new.F:86:c      common /mydist2/ nnodes,myhost,myid,mycomm
findmin_new.F:1297:c      common /alloc/ iptr,imax,ifptr,ifmax
findmin_new.F:1315:c      common /alloc/ iptr,imax,ifptr,ifmax
findmin_new.F:1337:c      common /alloc/ iptr,imax,ifptr,ifmax
findmin_new.F:1363:c      common /alloc/ iptr,imax,ifptr,ifmax
findmin_new.F:1396:c	common /bbcom/ nbbv,minpbb,maxlev,nwv,nbb,totbbv,
findmin_new.F:1543:c        common /bbcom/ nbbv,minpbb,maxlev,nwv,nbb,totbbv,
findmin_new.F:2225:c      common /alloc/ iptr,imax,ifptr,ifmax
findmin_new.F:2245:c      common /alloc/ iptr,imax,ifptr,ifmax
mgbl.F:242:c      common /elastic/ ndefrm,naesrf
mgbl.F:243:c      common /alphait/ ialphit,cltarg,rlxalph,dalim,dalpha,icycupdt
mgbl.F:244:c      common /cpurate/ rate(5),ratesub(5),ncell(20)
mgbl.F:245:c      common /cfl/ dt0,dtold
mgbl.F:246:c      common /fluid/ gamma,gm1,gp1,gm1g,gp1g,ggm1
mgbl.F:247:c      common /info/ title(20),rkap(3),xmach,alpha,beta,dt,fmax,nit,ntt,
mgbl.F:250:c      common /maxiv/ ivmx
mgbl.F:251:c      common /sklton/ isklton
mgbl.F:252:c      common /unst/ time,cfltau,ntstep,ita,iunst
mgbl.F:253:c      common /moov/ movie,nframes,icall1,lhdr
mgbl.F:254:c      common /filenam/ grid,plt3dg,plt3dq,output,residual,turbres,blomx,
mgbl.F:258:c      common /unit5/ iunit5
mgbl.F:259:c      common /conversion/ radtodeg
mgbl.F:260:c      common /mydist2/ nnodes,myhost,myid,mycomm
mgbl.F:261:c      common /proces/ numprocs
mgbl.F:262:c      common /time1/ tim,tm
mgbl.F:263:c      common /motionmc/ xmc0,ymc0,zmc0,utransmc,vtransmc,wtransmc,
mgbl.F:269:c      common /bin/ ibin,iblnk,iblnkfr,ip3dgrad
wrest.F:83:c      common /info/ title(20),rkap(3),xmach,alpha,beta,dt,fmax,nit,ntt,
wrest.F:86:c      common /unst/ time,cfltau,ntstep,ita,iunst
wrest.F:87:c      common /reyue/ reue,tinf,ivisc(3)
wrest.F:88:c      common /conversion/ radtodeg
wrest.F:89:c      common /maxiv/ ivmx
wrest.F:90:c      common /ghost/ irghost,iwghost
wrest.F:91:c      common /turbconv/ cflturb,edvislim,iturbprod,nsubturb,nfreeze,
wrest.F:93:c      common /cgns/ icgns,iccg,ibase,nzones,nsoluse,irind,jrind,krind
wrest.F:94:c      common /degshf/ ideg(3)
wrest.F:95:c      common /fluid/ gamma,gm1,gp1,gm1g,gp1g,ggm1
wrest.F:96:c      common /fluid2/ pr,prt,cbar
wrest.F:97:c      common /igrdtyp/ ip3dgrd,ialph
wrest.F:98:c      common /ivals/ p0,rho0,c0,u0,v0,w0,et0,h0,pt0,rhot0,qiv(5),
wrest.F:100:c      common /twod/ i2d
wrest.F:101:c     common /avgdata/ xnumavg,iteravg
patcher.F:202:c      common /tol/ epsc,epsc0,epsreen,epscoll
patcher.F:203:c      common /sklt1/ isklt1
patcher.F:204:c      common /filenam/ grid,plt3dg,plt3dq,output,residual,turbres,blomx,
patcher.F:208:c     common /zero/ iexp
patcher.F:209:c      common /save/ locv,ireq
patcher.F:210:c      common /is_dpatch/ maxdcnt
setup.F:155:c      common /cgns/ icgns,iccg,ibase,nzones,nsoluse,irind,jrind,krind
setup.F:156:c      common /complx/ xmach_img,alpha_img,beta_img,reue_img,tinf_img,
setup.F:159:c      common /ginfo/ jdim,kdim,idim,jj2,kk2,ii2,nblc,js,ks,is,je,ke,ie,
setup.F:167:c      common /info/ title(20),rkap(3),xmach,alpha,beta,dt,fmax,nit,ntt,
setup.F:170:c      common /maxiv/ ivmx
setup.F:171:c      common /ncyct/ ncyctot
setup.F:172:c      common /reyue/ reue,tinf,ivisc(3)
setup.F:173:c      common /sklton/ isklton
setup.F:174:c      common /sminn/ isminc
setup.F:175:c      common /unst/ time,cfltau,ntstep,ita,iunst
setup.F:176:c      common /wrestq/ irest,irest2
setup.F:177:c      common /filenam/ grid,plt3dg,plt3dq,output,residual,turbres,blomx,
setup.F:181:c      common /igrdtyp/ ip3dgrd,ialph
setup.F:182:c      common /mydist2/ nnodes,myhost,myid,mycomm
setup.F:183:c      common /elastic/ ndefrm,naesrf
setup.F:184:c      common /elastic_ss/ idef_ss 
setup.F:185:c      common /deformz/ beta1,ismooth,negvol
setup.F:186:c      common /ghost/ irghost,iwghost
setup.F:187:c      common /rigidbody/ irigb,irbtrim
setup.F:188:c      common /noninertial/ xcentrot,ycentrot,zcentrot,xrotrate,
setup.F:190:c      common /avgdata/ xnumavg,iteravg
setup.F:191:c      common /gridtrans/ roll_angle
setup.F:588:c              wk(lwk1-lwk4) contain a flag that prevents points common
cfl3d.F:360:c      common /mydist2/ nnodes,myhost,myid,mycomm
resp.F:114:c      common /account/ iaccnt,ioutsub
resp.F:115:c      common /fsum/ sref,cref,bref,xmc,ymc,zmc
resp.F:116:c      common /info/ title(20),rkap(3),xmach,alpha,beta,dt,fmax,nit,ntt,
resp.F:119:c      common /mgrd/ levt,kode,mode,ncyc,mtt,icyc,level,lglobal
resp.F:120:c      common /unst/ time,cfltau,ntstep,ita,iunst
resp.F:121:c      common /wrbl/ nwrest
resp.F:122:c      common /drag/ cdv,cdp
resp.F:123:c      common /conversion/ radtodeg
resp.F:124:c      common /subit/ cltsub,cdtsub,cxtsub,cytsub,cztsub,
resp.F:132:c      common /igrdtyp/ ip3dgrd,ialph
mgblk.F:252:c      common /cfl/ dt0,dtold
mgblk.F:253:c      common /elastic/ ndefrm,naesrf
mgblk.F:254:c      common /cgns/ icgns,iccg,ibase,nzones,nsoluse,irind,jrind,krind
mgblk.F:255:c      common /unit5/ iunit5
mgblk.F:256:c      common /chk/ ichk
mgblk.F:257:c      common /account/ iaccnt,ioutsub
mgblk.F:258:c      common /ginfo/ jdim,kdim,idim,jj2,kk2,ii2,nblc,js,ks,is,je,ke,ie,
mgblk.F:266:c      common /avgdata/ xnumavg,iteravg
mgblk.F:267:c      common /info/ title(20),rkap(3),xmach,alpha,beta,dt,fmax,nit,ntt,
mgblk.F:270:c      common /mgrd/ levt,kode,mode,ncyc,mtt,icyc,level,lglobal
mgblk.F:271:c      common /mgv/ epsssc(3),epsssr(3),issc,issr
mgblk.F:272:c      common /nfablk/ nfajki(3)
mgblk.F:273:c      common /sklton/ isklton
mgblk.F:274:c      common /unst/ time,cfltau,ntstep,ita,iunst
mgblk.F:275:c      common /wrbl/ nwrest
mgblk.F:276:c      common /moov/ movie,nframes,icall1,lhdr
mgblk.F:277:c      common /filenam/ grid,plt3dg,plt3dq,output,residual,turbres,blomx,
mgblk.F:281:c      common /alphait/ ialphit,cltarg,rlxalph,dalim,dalpha,icycupdt
mgblk.F:282:c      common /precond/ cprec,uref,avn
mgblk.F:283:c      common /mydist2/ nnodes,myhost,myid,mycomm
mgblk.F:284:c      common /maxiv/ ivmx
mgblk.F:285:c      common /motionmc/ xmc0,ymc0,zmc0,utransmc,vtransmc,wtransmc,
mgblk.F:291:c      common /trim/ dmtrmn,dmtrmnm,dlcln,dlclnm,trtol,cmy,cnw,alf0,
mgblk.F:295:c      common /rigidbody/ irigb,irbtrim
mgblk.F:296:c      common /turbconv/ cflturb,edvislim,iturbprod,nsubturb,nfreeze,
qinter.F:60:c      common /ginfo/ jdim,kdim,idim,jj2,kk2,ii2,nblc,js,ks,is,je,ke,ie,
qinter.F:68:c      common /info/ title(20),rkap(3),xmach,alpha,beta,dt,fmax,nit,ntt,
qinter.F:71:c      common /mgrd/ levt,kode,mode,ncyc,mtt,icyc,level,lglobal
qinter.F:72:c      common /unst/ time,cfltau,ntstep,ita,iunst
qinter.F:73:c      common /maxiv/ ivmx
bc_embed.F:52:c      common /ginfo/ jdim,kdim,idim,jj2,kk2,ii2,nblc,js,ks,is,je,ke,ie,
bc_embed.F:60:c      common /mgrd/ levt,kode,mode,ncyc,mtt,icyc,level,lglobal
bc_embed.F:61:c      common /maxiv/ ivmx
bc_embed.F:62:c      common /is_embedbc/ is_emb(5),ie_emb(5),nbcemb
bc_blkint.F:57:c      common /ginfo/ jdim,kdim,idim,jj2,kk2,ii2,nblc,js,ks,is,je,ke,ie,
bc_blkint.F:65:c      common /mgrd/ levt,kode,mode,ncyc,mtt,icyc,level,lglobal
bc_blkint.F:66:c      common /sklton/ isklton
bc_blkint.F:67:c      common /maxiv/ ivmx
bc_blkint.F:68:c      common /zero/ iexp
bc_blkint.F:69:c      common /is_blockbc/ is_blk(5),ie_blk(5),ivolint
bc_patch.F:67:c      common /info/ title(20),rkap(3),xmach,alpha,beta,dt,fmax,nit,ntt,
bc_patch.F:70:c      common /mgrd/ levt,kode,mode,ncyc,mtt,icyc,level,lglobal
bc_patch.F:71:c      common /maxiv/ ivmx
bc_patch.F:72:c      common /is_patch/ is_pat(5),ie_pat(5)
trnsfr_vals.F:169:c      common /complx/ xmach_img,alpha_img,beta_img,reue_img,tinf_img,
trnsfr_vals.F:172:c      common /cgns/ icgns,iccg,ibase,nzones,nsoluse,irind,jrind,krind
trnsfr_vals.F:173:c      common /des/ cdes,ides
trnsfr_vals.F:174:c      common /cfl/ dt0,dtold
trnsfr_vals.F:175:c      common /avgdata/ xnumavg,iteravg
trnsfr_vals.F:176:c      common /precond/ cprec,uref,avn
trnsfr_vals.F:177:c      common /fluid/ gamma,gm1,gp1,gm1g,gp1g,ggm1
trnsfr_vals.F:178:c      common /fluid2/ pr,prt,cbar
trnsfr_vals.F:179:c      common /singular/ atol
trnsfr_vals.F:180:c      common /deformz/ beta1,ismooth,negvol
trnsfr_vals.F:181:c      common /mydist2/ nnodes,myhost,myid,mycomm
trnsfr_vals.F:182:c     common /alphait/ ialphit,cltarg,rlxalph,dalim,dalpha,icycupdt
trnsfr_vals.F:183:c      common /chk/ ichk
trnsfr_vals.F:184:c      common /degshf/ ideg(3)
trnsfr_vals.F:185:c      common /fsum/ sref,cref,bref,xmc,ymc,zmc
trnsfr_vals.F:186:c      common /fvfds/ rkap0(3),ifds(3)
trnsfr_vals.F:187:c      common /info/ title(20),rkap(3),xmach,alpha,beta,dt,fmax,nit,ntt,
trnsfr_vals.F:190:c      common /lam/ ilamlo,ilamhi,jlamlo,jlamhi,klamlo,klamhi
trnsfr_vals.F:191:c      common /maxiv/ ivmx
trnsfr_vals.F:192:c      common /mgrd/ levt,kode,mode,ncyc,mtt,icyc,level,lglobal
trnsfr_vals.F:193:c      common /mgv/ epsssc(3),epsssr(3),issc,issr
trnsfr_vals.F:194:c      common /ncyct/ ncyctot
trnsfr_vals.F:195:c      common /reyue/ reue,tinf,ivisc(3)
trnsfr_vals.F:196:c      common /sminn/ isminc
trnsfr_vals.F:197:c      common /twod/ i2d
trnsfr_vals.F:198:c      common /unst/ time,cfltau,ntstep,ita,iunst
trnsfr_vals.F:199:c      common /moov/movie,nframes,icall1,lhdr
trnsfr_vals.F:200:c      common /wrbl/ nwrest
trnsfr_vals.F:201:c      common /wrestq/ irest,irest2
trnsfr_vals.F:202:c      common /igrdtyp/ ip3dgrd,ialph
trnsfr_vals.F:203:c      common /cpurate/ rate(5),ratesub(5),ncell(20)
trnsfr_vals.F:204:c      common /motionmc/ xmc0,ymc0,zmc0,utransmc,vtransmc,wtransmc,
trnsfr_vals.F:210:c      common /filenam/ grid,plt3dg,plt3dq,output,residual,turbres,blomx,
trnsfr_vals.F:214:c      common /elastic/ ndefrm,naesrf
trnsfr_vals.F:215:c      common /turbconv/ cflturb,edvislim,iturbprod,nsubturb,nfreeze,
trnsfr_vals.F:217:c      common /entfix/ epsa_l,epsa_r
trnsfr_vals.F:218:c      common /elastic_ss/ idef_ss
trnsfr_vals.F:219:c      common /bin/ ibin,iblnk,iblnkfr,ip3dgrad
trnsfr_vals.F:220:c      common /memory/ memadd,memaddi
trnsfr_vals.F:221:c      common /is_blockbc/ is_blk(5),ie_blk(5),ivolint
trnsfr_vals.F:222:c      common /ghost/ irghost,iwghost
trnsfr_vals.F:223:c      common /noninertial/ xcentrot,ycentrot,zcentrot,xrotrate,
trnsfr_vals.F:225:c      common /key/ nkey
trnsfr_vals.F:226:c      common /ivals/ p0,rho0,c0,u0,v0,w0,et0,h0,pt0,rhot0,qiv(5),
trnsfr_vals.F:228:c      common /gridtrans/ roll_angle
forceout.F:54:c      common /info/ title(20),rkap(3),xmach,alpha,beta,dt,fmax,nit,ntt,
forceout.F:57:c      common /mgrd/ levt,kode,mode,ncyc,mtt,icyc,level,lglobal
updatedg.F:102:c      common /ginfo/ jdim,kdim,idim,jj2,kk2,ii2,nblc,js,ks,is,je,ke,ie,
updatedg.F:110:c      common /info/ title(20),rkap(3),xmach,alpha,beta,dt,fmax,nit,ntt,
updatedg.F:113:c      common /mgrd/ levt,kode,mode,ncyc,mtt,icyc,level,lglobal
updatedg.F:114:c      common /sklton/ isklton
updatedg.F:115:c      common /unst/ time,cfltau,ntstep,ita,iunst
updatedg.F:116:c      common /fsum/ sref,cref,bref,xmc,ymc,zmc
updatedg.F:117:c      common /elastic_ss/ idef_ss
updatedg.F:233:c           wk(lwk1-lwk4) contain a flag that prevents points common
newalpha.F:46:c      common /alphait/ ialphit,cltarg,rlxalph,dalim,dalpha,icycupdt
newalpha.F:47:c      common /info/ title(20),rkap(3),xmach,alpha,beta,dt,fmax,nit,ntt,
newalpha.F:50:c      common /conversion/ radtodeg
umalloc_r.F:33:c      common /mydist2/ nnodes,myhost,myid,mycomm
umalloc_c.F:35:c      common /mydist2/ nnodes,myhost,myid,mycomm
umalloc.F:34:c      common /mydist2/ nnodes,myhost,myid,mycomm
plot3t.F:90:c      common /bin/ ibin,iblnk,iblnkfr,ip3dgrad
plot3t.F:91:c      common /fluid/ gamma,gm1,gp1,gm1g,gp1g,ggm1
plot3t.F:92:c      common /fluid2/ pr,prt,cbar
plot3t.F:93:c      common /twod/ i2d
plot3t.F:94:c      common /ivals/ p0,rho0,c0,u0,v0,w0,et0,h0,pt0,rhot0,qiv(5),
plot3t.F:96:c      common /lam/ ilamlo,ilamhi,jlamlo,jlamhi,klamlo,klamhi
plot3t.F:97:c      common /info/ title(20),rkap(3),xmach,alpha,beta,dt,fmax,nit,ntt,
plot3t.F:100:c      common /maxiv/ ivmx
plot3t.F:101:c      common /reyue/ reue,tinf,ivisc(3)
plot3t.F:102:c      common /unst/ time,cfltau,ntstep,ita,iunst
plot3t.F:103:c      common /igrdtyp/ ip3dgrd,ialph
plot3t.F:104:c      common /moov/movie,nframes,icall1,lhdr
plot3t.F:105:c      common /conversion/ radtodeg
plot3t.F:106:c      common /turbconv/ cflturb,edvislim,iturbprod,nsubturb,nfreeze,
rrestg.F:107:c      common /cfl/ dt0,dtold
rrestg.F:108:c      common /info/ title(20),rkap(3),xmach,alpha,beta,dt,fmax,nit,ntt,
rrestg.F:111:c      common /fsum/ sref,cref,bref,xmc,ymc,zmc
rrestg.F:112:c      common /ivals/ p0,rho0,c0,u0,v0,w0,et0,h0,pt0,rhot0,qiv(5),
rrestg.F:114:c      common /maxiv/ ivmx
rrestg.F:115:c      common /motionmc/ xmc0,ymc0,zmc0,utransmc,vtransmc,wtransmc,
rrestg.F:121:c      common /unst/ time,cfltau,ntstep,ita,iunst
rrestg.F:122:c      common /igrdtyp/ ip3dgrd,ialph
rrestg.F:123:c      common /cgns/ icgns,iccg,ibase,nzones,nsoluse,irind,jrind,krind
rrestg.F:124:c      common /twod/ i2d
rrestg.F:125:c      common /turbconv/ cflturb,edvislim,iturbprod,nsubturb,nfreeze,
rrestg.F:332:c           move a copy of the motion common block from the owner
bc_period.F:69:c      common /ginfo/ jdim,kdim,idim,jj2,kk2,ii2,nblc,js,ks,is,je,ke,ie,
bc_period.F:77:c      common /mgrd/ levt,kode,mode,ncyc,mtt,icyc,level,lglobal
bc_period.F:78:c      common /sklton/ isklton
bc_period.F:79:c      common /maxiv/ ivmx
bc_period.F:80:c      common /zero/ iexp
bc_period.F:81:c      common /is_perbc/ is_prd(5),ie_prd(5),nbcprd
termn8.F:32:c      common /mydist2/ nnodes,myhost,myid,mycomm
sizer.F:262:c      common /params/ lmaxgr,lmaxbl,lmxseg,lmaxcs,lnplts,lmxbli,lmaxxe,
sizer.F:268:c      common /fluid/ gamma,gm1,gp1,gm1g,gp1g,ggm1
sizer.F:269:c      common /ginfo/ jdim,kdim,idim,jj2,kk2,ii2,nblc,js,ks,is,je,ke,ie,
sizer.F:278:c      common /info/ title(20),rkap(3),xmach,alpha,beta,dt,fmax,nit,ntt,
sizer.F:281:c      common /maxiv/ ivmx
sizer.F:282:c      common /mgrd/ levt,kode,mode,ncyc,mtt,icyc,level,lglobal
sizer.F:283:c      common /reyue/ reue,tinf,ivisc(3)
sizer.F:284:c      common /unst/ time,cfltau,ntstep,ita,iunst
sizer.F:285:c      common /twod/ i2d
sizer.F:286:c      common /is_blockbc/ is_blk(5),ie_blk(5),ivolint
sizer.F:287:c      common /is_perbc/ is_prd(5),ie_prd(5),nbcprd
sizer.F:288:c      common /is_patch/ is_pat(5),ie_pat(5)
sizer.F:289:c      common /is_embedbc/ is_emb(5),ie_emb(5),nbcemb
sizer.F:290:c      common /filenam/ grid,plt3dg,plt3dq,output,residual,turbres,blomx,
sizer.F:294:c      common /conversion/ radtodeg
sizer.F:295:c      common /unit5/ iunit5
sizer.F:296:c      common /moov/ movie,nframes,icall1,lhdr
sizer.F:297:c      common /elastic_ss/ idef_ss
sizer.F:298:c      common /memory/ memadd,memaddi
sizer.F:3081:c      common /reyue/ reue,tinf,ivisc(3)
yplusout.F:48:c      common /ginfo/ jdim,kdim,idim,jj2,kk2,ii2,nblc,js,ks,is,je,ke,ie,
yplusout.F:56:c      common /info/ title(20),rkap(3),xmach,alpha,beta,dt,fmax,nit,ntt,
yplusout.F:59:c      common /mgrd/ levt,kode,mode,ncyc,mtt,icyc,level,lglobal
yplusout.F:60:c      common /maxiv/ ivmx
yplusout.F:61:c      common /twod/ i2d
yplusout.F:62:c      common /igrdtyp/ ip3dgrd,ialph
yplusout.F:63:c      common /reyue/ reue,tinf,ivisc(3)
yplusout.F:64:c      common /ypinfo/ ypsumb,ypsumsqb,ypmaxb,ypminb,dnmaxb,dnminb,ypchk,
yplusout.F:68:c      common /turbconv/ cflturb,edvislim,iturbprod,nsubturb,nfreeze,
pre_bc.F:69:c      common /is_blockbc/ is_blk(5),ie_blk(5),ivolint
pre_bc.F:70:c      common /is_perbc/ is_prd(5),ie_prd(5),nbcprd
pre_bc.F:71:c      common /is_patch/ is_pat(5),ie_pat(5)
pre_bc.F:72:c      common /is_embedbc/ is_emb(5),ie_emb(5),nbcemb
pre_bc.F:73:c      common /mgrd/ levt,kode,mode,ncyc,mtt,icyc,level,lglobal
ae_corr.F:61:c      common /info/ title(20),rkap(3),xmach,alpha,beta,dt,fmax,nit,ntt,
ae_corr.F:64:c      common /ginfo/ jdim,kdim,idim,jj2,kk2,ii2,nblc,js,ks,is,je,ke,ie,
ae_corr.F:72:c      common /mgrd/ levt,kode,mode,ncyc,mtt,icyc,level,lglobal
ae_corr.F:73:c      common /elastic/ ndefrm,naesrf
main.F:208:c     5) 10.**(-iexp) is machine zero; iexp is available in common 
main.F:313:!      common /cgns/ icgns,iccg,ibase,nzones,nsoluse,irind,jrind,krind
main.F:314:!      common /filenam/ grid,plt3dg,plt3dq,output,residual,turbres,blomx,
main.F:318:!      common /proces/ numprocs
main.F:319:!      common /mydist2/ nnodes,myhost,myid,mycomm
main.F:320:!      common /unit5/ iunit5
main.F:321:!      common /key/ nkey
main.F:322:!      common /zero/ iexp
main.F:323:!      common /wrestq/ irest,irest2
prntcp.F:47:c      common /fluid/ gamma,gm1,gp1,gm1g,gp1g,ggm1
prntcp.F:48:c      common /info/ title(20),rkap(3),xmach,alpha,beta,dt,fmax,nit,ntt,
prntcp.F:51:c      common /ivals/ p0,rho0,c0,u0,v0,w0,et0,h0,pt0,rhot0,qiv(5),
prntcp.F:53:c      common /unst/ time,cfltau,ntstep,ita,iunst
prntcp.F:54:c      common /conversion/ radtodeg
wrestg.F:89:c      common /info/ title(20),rkap(3),xmach,alpha,beta,dt,fmax,nit,ntt,
wrestg.F:92:c      common /fsum/ sref,cref,bref,xmc,ymc,zmc
wrestg.F:93:c      common /maxiv/ ivmx
wrestg.F:94:c      common /motionmc/ xmc0,ymc0,zmc0,utransmc,vtransmc,wtransmc,
wrestg.F:100:c      common /unst/ time,cfltau,ntstep,ita,iunst
wrestg.F:101:c      common /igrdtyp/ ip3dgrd,ialph
wrestg.F:102:c      common /cgns/ icgns,iccg,ibase,nzones,nsoluse,irind,jrind,krind
wrestg.F:103:c      common /twod/ i2d
pointers.F:55:c      common /info/ title(20),rkap(3),xmach,alpha,beta,dt,fmax,nit,ntt,
pointers.F:58:c      common /maxiv/ ivmx
pointers.F:59:c      common /mgrd/ levt,kode,mode,ncyc,mtt,icyc,level,lglobal
pointers.F:60:c      common /reyue/ reue,tinf,ivisc(3)
pointers.F:61:c      common /elastic/ ndefrm,naesrf
pointers.F:62:c      common /unst/ time,cfltau,ntstep,ita,iunst
pointers.F:63:c      common /avgdata/ xnumavg,iteravg
qout.F:93:c      common /bin/ ibin,iblnk,iblnkfr,ip3dgrad
qout.F:94:c      common /ginfo/ jdim,kdim,idim,jj2,kk2,ii2,nblc,js,ks,is,je,ke,ie,
qout.F:102:c      common /info/ title(20),rkap(3),xmach,alpha,beta,dt,fmax,nit,ntt,
qout.F:105:c      common /maxiv/ ivmx
qout.F:106:c      common /mgrd/ levt,kode,mode,ncyc,mtt,icyc,level,lglobal
qout.F:107:c      common /reyue/ reue,tinf,ivisc(3)
qout.F:108:c      common /twod/ i2d
qout.F:109:c      common /unst/ time,cfltau,ntstep,ita,iunst
qout.F:110:c      common /moov/movie,nframes,icall1,lhdr
qout.F:111:c      common /conversion/ radtodeg
setslave.F:63:c      common /ginfo/ jdim,kdim,idim,jj2,kk2,ii2,nblc,js,ks,is,je,ke,ie,
setslave.F:71:c      common /info/ title(20),rkap(3),xmach,alpha,beta,dt,fmax,nit,ntt,
setslave.F:74:c      common /mgrd/ levt,kode,mode,ncyc,mtt,icyc,level,lglobal
setslave.F:75:c      common /sklton/ isklton
setslave.F:76:c      common /unst/ time,cfltau,ntstep,ita,iunst
setslave.F:77:c      common /elastic_ss/ idef_ss
setslave.F:78:c      common /twod/ i2d
setslave.F:79:c      common /deformz/ beta1,ismooth,negvol
resetg.F:67:c      common /ginfo/ jdim,kdim,idim,jj2,kk2,ii2,nblc,js,ks,is,je,ke,ie,
resetg.F:75:c      common /info/ title(20),rkap(3),xmach,alpha,beta,dt,fmax,nit,ntt,
resetg.F:78:c      common /mgrd/ levt,kode,mode,ncyc,mtt,icyc,level,lglobal
resetg.F:79:c      common /unst/ time,cfltau,ntstep,ita,iunst
resetg.F:80:c      common /conversion/ radtodeg
resetg.F:81:c      common /fsum/ sref,cref,bref,xmc,ymc,zmc
resetg.F:82:c      common /motionmc/ xmc0,ymc0,zmc0,utransmc,vtransmc,wtransmc,
cputim.F:65:c     common blocks time1/time2 preserve tim,tm,tim_nd between 
cputim.F:69:c      common/time1/ tim,tm
cputim.F:72:c      common/time2/ tim_nd
calyplus.F:69:c      common /fluid/ gamma,gm1,gp1,gm1g,gp1g,ggm1
calyplus.F:70:c      common /fluid2/ pr,prt,cbar
calyplus.F:71:c      common /info/ title(20),rkap(3),xmach,alpha,beta,dt,fmax,nit,ntt,
calyplus.F:74:c      common /reyue/ reue,tinf,ivisc(3)
calyplus.F:75:c      common /twod/ i2d
calyplus.F:76:c      common /wallfun/ iwf(3)
calyplus.F:77:c      common /ypinfo/ ypsumb,ypsumsqb,ypmaxb,ypminb,dnmaxb,dnminb,ypchk,
calyplus.F:1488:c     for parallel applications, pass the common block, YPINFO,
updateg.F:71:c      common /ginfo/ jdim,kdim,idim,jj2,kk2,ii2,nblc,js,ks,is,je,ke,ie,
updateg.F:79:c      common /info/ title(20),rkap(3),xmach,alpha,beta,dt,fmax,nit,ntt,
updateg.F:82:c      common /mgrd/ levt,kode,mode,ncyc,mtt,icyc,level,lglobal
updateg.F:83:c      common /sklton/ isklton
updateg.F:84:c      common /fsum/ sref,cref,bref,xmc,ymc,zmc
updateg.F:85:c      common /motionmc/ xmc0,ymc0,zmc0,utransmc,vtransmc,wtransmc,
updateg.F:91:c      common /trim/ dmtrmn,dmtrmnm,dlcln,dlclnm,trtol,cmy,cnw,alf0,
dynptch.F:107:      common /savnint/ninter0
dynptch.F:108:      common /sklton/ isklton
dynptch.F:109:      common /filenam/ grid,plt3dg,plt3dq,output,residual,turbres,blomx,
dynptch.F:113:      common /is_dpatch/ maxdcnt
dynptch.F:114:      common /tracer/ itrace
usrint.F:20:      common /mydist2/ nnodes,myhost,myid,mycomm
rrest.F:80:c      common /avgdata/ xnumavg,iteravg
rrest.F:81:c      common /cgns/ icgns,iccg,ibase,nzones,nsoluse,irind,jrind,krind
rrest.F:82:c      common /twod/ i2d
rrest.F:83:c      common /fluid/ gamma,gm1,gp1,gm1g,gp1g,ggm1
rrest.F:84:c      common /fluid2/ pr,prt,cbar
rrest.F:85:c      common /info/ title(20),rkap(3),xmach,alpha,beta,dt,fmax,nit,ntt,
rrest.F:88:c      common /maxiv/ ivmx
rrest.F:89:c      common /unst/ time,cfltau,ntstep,ita,iunst
rrest.F:90:c      common /wrestq/ irest,irest2
rrest.F:91:c      common /reyue/ reue,tinf,ivisc(3)
rrest.F:92:c      common /sminn/ isminc
rrest.F:93:c      common /ivals/ p0,rho0,c0,u0,v0,w0,et0,h0,pt0,rhot0,qiv(5),
rrest.F:95:c      common /alphait/ ialphit,cltarg,rlxalph,dalim,dalpha,icycupdt
rrest.F:96:c      common /conversion/ radtodeg
rrest.F:97:c      common /ghost/ irghost,iwghost
rrest.F:98:c      common /igrdtyp/ ip3dgrd,ialph
plot3d.F:84:c      common /bin/ ibin,iblnk,iblnkfr,ip3dgrad
plot3d.F:85:c      common /fluid/ gamma,gm1,gp1,gm1g,gp1g,ggm1
plot3d.F:86:c      common /fluid2/ pr,prt,cbar
plot3d.F:87:c      common /info/ title(20),rkap(3),xmach,alpha,beta,dt,fmax,nit,ntt,
plot3d.F:90:c      common /reyue/ reue,tinf,ivisc(3)
plot3d.F:91:c      common /twod/ i2d
plot3d.F:92:c      common /unst/ time,cfltau,ntstep,ita,iunst
plot3d.F:93:c      common /wallfun/ iwf(3)
plot3d.F:94:c      common /igrdtyp/ ip3dgrd,ialph
plot3d.F:95:c      common /moov/movie,nframes,icall1,lhdr
plot3d.F:96:c      common /conversion/ radtodeg
plot3d.F:97:c      common /ivals/ p0,rho0,c0,u0,v0,w0,et0,h0,pt0,rhot0,qiv(5),
